<?xml version="1.0" encoding="UTF-8"?>
<!-- Generated by org.testng.reporters.JUnitReportReporter -->
<testsuite hostname="Kshitij" name="com.bridge.MyScenario" tests="1" failures="0" timestamp="8 Jul 2016 16:37:53 GMT" time="45.983" errors="0">
  <testcase name="register" time="45.983" classname="com.bridge.MyScenario"/>
</testsuite> <!-- com.bridge.MyScenario -->
