<?xml version="1.0" encoding="UTF-8"?>
<!-- Generated by org.testng.reporters.JUnitReportReporter -->
<testsuite hostname="Kshitij" name="com.curve.test.HomeTest" tests="1" failures="0" timestamp="26 Jul 2016 06:42:19 GMT" time="4.764" errors="0">
  <testcase name="execute" time="4.764" classname="com.curve.test.HomeTest"/>
</testsuite> <!-- com.curve.test.HomeTest -->
