<?xml version="1.0" encoding="UTF-8"?>
<!-- Generated by org.testng.reporters.JUnitReportReporter -->
<testsuite hostname="Kshitij" name="com.drag.Switch" tests="1" failures="0" timestamp="10 Jul 2016 07:50:42 GMT" time="24.549" errors="0">
  <testcase name="switching" time="24.549" classname="com.drag.Switch"/>
</testsuite> <!-- com.drag.Switch -->
