<?xml version="1.0" encoding="UTF-8"?>
<!-- Generated by org.testng.reporters.JUnitReportReporter -->
<testsuite hostname="Kshitij" name="com.drag.Dragging" tests="1" failures="0" timestamp="8 Jul 2016 13:13:18 GMT" time="9.452" errors="0">
  <testcase name="run" time="9.452" classname="com.drag.Dragging"/>
</testsuite> <!-- com.drag.Dragging -->
