<?xml version="1.0" encoding="UTF-8"?>
<!-- Generated by org.testng.reporters.JUnitReportReporter -->
<testsuite hostname="Kshitij" name="com.drag.Scrolling" tests="1" failures="0" timestamp="10 Jul 2016 07:02:06 GMT" time="59.915" errors="0">
  <testcase name="seek" time="59.915" classname="com.drag.Scrolling"/>
</testsuite> <!-- com.drag.Scrolling -->
